<?xml version="1.0" encoding="UTF-8"?>
<!-- Generated by org.testng.reporters.JUnitReportReporter -->
<testsuite hostname="LAPTOP-SB3IPN86" failures="0" tests="1" name="testNG.Test0" time="0.010" errors="0" timestamp="2023-08-28T15:52:50 IST" skipped="0">
  <testcase classname="testNG.Test0" name="demo" time="0.010"/>
  <system-out>
    <![CDATA[Hi all
Hi selenium]]>
  </system-out>
</testsuite> <!-- testNG.Test0 -->
