<?xml version="1.0" encoding="UTF-8"?>
<!-- Generated by org.testng.reporters.JUnitReportReporter -->
<testsuite hostname="LAPTOP-SB3IPN86" failures="0" tests="3" name="testNG.DataProvide" time="41.258" errors="0" timestamp="2023-09-02T16:50:11 IST" skipped="0">
  <testcase classname="testNG.DataProvide" name="test" time="14.275"/>
  <system-out/>
  <testcase classname="testNG.DataProvide" name="test" time="13.935"/>
  <system-out/>
  <testcase classname="testNG.DataProvide" name="test" time="13.048"/>
  <system-out/>
</testsuite> <!-- testNG.DataProvide -->
