<?xml version="1.0" encoding="UTF-8"?>
<!-- Generated by org.testng.reporters.JUnitReportReporter -->
<testsuite hostname="LAPTOP-SB3IPN86" failures="0" tests="7" name="testNG.Test1" time="0.020" errors="0" timestamp="2023-08-28T16:44:57 IST" skipped="0">
  <testcase classname="testNG.Test1" name="settings" time="0.001"/>
  <system-out>
    <![CDATA[settings]]>
  </system-out>
  <testcase classname="testNG.Test1" name="settings" time="0.012"/>
  <system-out>
    <![CDATA[settings]]>
  </system-out>
  <testcase classname="testNG.Test1" name="calls" time="0.001"/>
  <system-out>
    <![CDATA[calls]]>
  </system-out>
  <testcase classname="testNG.Test1" name="calls" time="0.001"/>
  <system-out>
    <![CDATA[calls]]>
  </system-out>
  <testcase classname="testNG.Test1" name="calls" time="0.001"/>
  <system-out>
    <![CDATA[calls]]>
  </system-out>
  <testcase classname="testNG.Test1" name="calls" time="0.001"/>
  <system-out>
    <![CDATA[calls]]>
  </system-out>
  <testcase classname="testNG.Test1" name="chats" time="0.003"/>
  <system-out>
    <![CDATA[chats]]>
  </system-out>
</testsuite> <!-- testNG.Test1 -->
