<?xml version="1.0" encoding="UTF-8"?>
<!-- Generated by org.testng.reporters.JUnitReportReporter -->
<testsuite hostname="LAPTOP-SB3IPN86" failures="0" tests="3" name="testNG.SkipTestCase" time="0.011" errors="0" timestamp="2023-08-28T17:13:13 IST" skipped="1">
  <testcase classname="testNG.SkipTestCase" name="calls" time="0.001"/>
  <system-out>
    <![CDATA[calls]]>
  </system-out>
  <testcase classname="testNG.SkipTestCase" name="calls" time="0.010"/>
  <system-out>
    <![CDATA[calls]]>
  </system-out>
  <testcase classname="testNG.SkipTestCase" name="settings">
    <skipped/>
  </testcase> <!-- settings -->
  <system-out/>
</testsuite> <!-- testNG.SkipTestCase -->
