<?xml version="1.0" encoding="UTF-8"?>
<!-- Generated by org.testng.reporters.JUnitReportReporter -->
<testsuite hostname="LAPTOP-SB3IPN86" failures="0" tests="3" name="testNG.ParallelExecution2" time="20.299" errors="0" timestamp="2023-08-31T16:35:43 IST" skipped="0">
  <testcase classname="testNG.ParallelExecution2" name="demo" time="5.143"/>
  <system-out>
    <![CDATA[Instagram
https://www.instagram.com/]]>
  </system-out>
  <testcase classname="testNG.ParallelExecution2" name="demo" time="10.196"/>
  <system-out>
    <![CDATA[Instagram
https://www.instagram.com/]]>
  </system-out>
  <testcase classname="testNG.ParallelExecution2" name="demo" time="4.960"/>
  <system-out>
    <![CDATA[Instagram
https://www.instagram.com/]]>
  </system-out>
</testsuite> <!-- testNG.ParallelExecution2 -->
