<?xml version="1.0" encoding="UTF-8"?>
<!-- Generated by org.testng.reporters.JUnitReportReporter -->
<testsuite hostname="LAPTOP-SB3IPN86" failures="0" tests="1" name="testNG.SassTcase" time="7.547" errors="0" timestamp="2023-09-02T15:45:19 IST" skipped="0">
  <testcase classname="testNG.SassTcase" name="login" time="7.547"/>
  <system-out>
    <![CDATA[actiTIME - Login
https://demo.actitime.com/login.do]]>
  </system-out>
</testsuite> <!-- testNG.SassTcase -->
