<?xml version="1.0" encoding="UTF-8"?>
<!-- Generated by org.testng.reporters.JUnitReportReporter -->
<testsuite hostname="LAPTOP-SB3IPN86" failures="0" tests="1" name="testNG.Testcase3" time="9.505" errors="0" timestamp="2023-08-31T15:42:04 IST" skipped="0">
  <testcase classname="testNG.Testcase3" name="actitime" time="9.505"/>
  <system-out>
    <![CDATA[actiTIME - Login
https://demo.actitime.com/login.do]]>
  </system-out>
</testsuite> <!-- testNG.Testcase3 -->
