<?xml version="1.0" encoding="UTF-8"?>
<!-- Generated by org.testng.reporters.JUnitReportReporter -->
<testsuite hostname="LAPTOP-SB3IPN86" failures="0" tests="1" name="testNG.Testcase2" time="8.230" errors="0" timestamp="2023-08-31T15:42:04 IST" skipped="0">
  <testcase classname="testNG.Testcase2" name="forgotPassword" time="8.230"/>
  <system-out>
    <![CDATA[actiTIME - Login
https://demo.actitime.com/login.do]]>
  </system-out>
</testsuite> <!-- testNG.Testcase2 -->
